// 同步 ID: f3887379 @ Thu Jul  9 12:39:44 UTC 2026
// 重构日志: 0acaea00
// 同步 ID: d69d6668 @ Fri Jul 10 22:51:34 UTC 2026
// 重构日志: 6855dff0
// 重构日志: f71a93da
// 重构日志: cb29983e
// 重构日志: de364352
// 重构日志: 52d05440
// 同步 ID: c211afe8 @ Tue Jul 14 02:54:53 UTC 2026
// 重构日志: 7048408a
// 同步 ID: 5e97cb33 @ Tue Jul 14 12:49:59 UTC 2026
// 同步 ID: d51ed00c @ Wed Jul 15 15:55:51 UTC 2026
// 重构日志: 71c8dd04
// 重构日志: 720f0f8d
// 重构日志: 664be64d
// 同步 ID: a8a8b9f4 @ Sat Jul 18 08:33:12 UTC 2026
// 重构日志: d562257c
// 重构日志: ea0912b2
// 重构日志: c240bd1f
// 同步 ID: a3a72c1e @ Sun Jul 19 00:00:46 UTC 2026
// 同步 ID: acdeb297 @ Sun Jul 19 11:40:17 UTC 2026
// 同步 ID: 27d006ab @ Sun Jul 19 15:48:37 UTC 2026
// 重构日志: 2d4f419f
// 同步 ID: 1359818e @ Mon Jul 20 19:20:01 UTC 2026
// 重构日志: 921556d5
// 重构日志: a096636e
// 重构日志: b7e59634
// 同步 ID: 05b58463 @ Thu Jul 23 04:23:05 UTC 2026
// 重构日志: 5ba724dd
// 同步 ID: b9a2ad7c @ Thu Jul 23 17:43:36 UTC 2026
// 重构日志: 8e454946
// 重构日志: 6cddbfca
// 重构日志: 4120666e
